e:\development\csc305\assignment2\graphicsassignment2\x64\debug\vc140.pdb
e:\development\csc305\assignment2\graphicsassignment2\x64\debug\vc140.idb
e:\development\csc305\assignment2\graphicsassignment2\x64\debug\imgui.obj
e:\development\csc305\assignment2\graphicsassignment2\x64\debug\imgui_demo.obj
e:\development\csc305\assignment2\graphicsassignment2\x64\debug\imgui_draw.obj
e:\development\csc305\assignment2\graphicsassignment2\x64\debug\imgui_impl_sdl_gl3.obj
e:\development\csc305\assignment2\graphicsassignment2\x64\debug\main.obj
e:\development\csc305\assignment2\graphicsassignment2\x64\debug\mysdl_dpi.obj
e:\development\csc305\assignment2\graphicsassignment2\x64\debug\opengl.obj
e:\development\csc305\assignment2\graphicsassignment2\x64\debug\scene.obj
e:\development\csc305\assignment2\graphicsassignment2\x64\debug\shaderset.obj
e:\development\csc305\assignment2\graphicsassignment2\x64\debug\simulation.obj
e:\development\csc305\assignment2\graphicsassignment2\x64\debug\tiny_obj_loader.obj
e:\development\csc305\assignment2\graphicsassignment2\x64\debug\renderer.obj
e:\development\csc305\assignment2\graphicsassignment2\x64\debug\stb_image.obj
e:\development\csc305\assignment2\graphicsassignment2\x64\debug\csc305a2.ilk
e:\development\csc305\assignment2\graphicsassignment2\x64\debug\csc305a2.exe
e:\development\csc305\assignment2\graphicsassignment2\x64\debug\csc305a2.pdb
e:\development\csc305\assignment2\graphicsassignment2\x64\debug\csc305a2.tlog\cl.command.1.tlog
e:\development\csc305\assignment2\graphicsassignment2\x64\debug\csc305a2.tlog\cl.read.1.tlog
e:\development\csc305\assignment2\graphicsassignment2\x64\debug\csc305a2.tlog\cl.write.1.tlog
e:\development\csc305\assignment2\graphicsassignment2\x64\debug\csc305a2.tlog\link.command.1.tlog
e:\development\csc305\assignment2\graphicsassignment2\x64\debug\csc305a2.tlog\link.read.1.tlog
e:\development\csc305\assignment2\graphicsassignment2\x64\debug\csc305a2.tlog\link.write.1.tlog
